2020-03-22 15:40:47> Program: Starting Squirrel Updater: --createShortcut=Postman.exe
2020-03-22 15:40:47> ApplyReleasesImpl: About to create shortcuts for Postman.exe, rootAppDir C:\Users\Recep\AppData\Local\Postman
2020-03-22 15:40:47> ApplyReleasesImpl: Creating shortcut for Postman.exe => C:\Users\Recep\AppData\Roaming\Microsoft\Windows\Start Menu\Programs\Postman\Postman.lnk
2020-03-22 15:40:47> ApplyReleasesImpl: About to save shortcut: C:\Users\Recep\AppData\Roaming\Microsoft\Windows\Start Menu\Programs\Postman\Postman.lnk (target C:\Users\Recep\AppData\Local\Postman\Postman.exe, workingDir C:\Users\Recep\AppData\Local\Postman\app-7.20.1, args , toastActivatorCSLID d56d0ae8-2c2a-5b45-bd3b-9973bc69da9e)
2020-03-22 15:40:47> ApplyReleasesImpl: Creating shortcut for Postman.exe => C:\Users\Recep\Desktop\Postman.lnk
2020-03-22 15:40:47> ApplyReleasesImpl: About to save shortcut: C:\Users\Recep\Desktop\Postman.lnk (target C:\Users\Recep\AppData\Local\Postman\Postman.exe, workingDir C:\Users\Recep\AppData\Local\Postman\app-7.20.1, args , toastActivatorCSLID d56d0ae8-2c2a-5b45-bd3b-9973bc69da9e)
2020-03-22 15:40:47> ApplyReleasesImpl: Examining Pin: File Explorer.lnk
2020-03-22 15:40:47> ApplyReleasesImpl: Examining Pin: Opera tarayıcı.lnk
2020-03-22 15:40:47> ApplyReleasesImpl: Examining Pin: PhpStorm 2019.3.3.lnk
2020-03-22 15:40:47> ApplyReleasesImpl: Examining Pin: Visual Studio Code.lnk
2020-03-23 21:46:45> Program: Starting Squirrel Updater: --checkForUpdate https://dl.pstmn.io/update/WIN64/7.20.1/stable?installationId=dcfe2eaf-e7dc-4202-b058-0a45374f888b&userId=10810148&syncEnabled=true&teamPlan=
2020-03-23 21:46:45> Program: Fetching update information, downloading from https://dl.pstmn.io/update/WIN64/7.20.1/stable?installationId=dcfe2eaf-e7dc-4202-b058-0a45374f888b&userId=10810148&syncEnabled=true&teamPlan=
2020-03-23 21:46:45> CheckForUpdateImpl: Generated new staging user ID: c5c2450b-1e02-59e9-9084-c4c85c952ec0
2020-03-23 21:46:45> CheckForUpdateImpl: Downloading RELEASES file from https://dl.pstmn.io/update/WIN64/7.20.1/stable?installationId=dcfe2eaf-e7dc-4202-b058-0a45374f888b&userId=10810148&syncEnabled=true&teamPlan=
2020-03-23 21:46:45> FileDownloader: Downloading url: https://dl.pstmn.io/update/WIN64/7.20.1/stable/RELEASES?installationId=dcfe2eaf-e7dc-4202-b058-0a45374f888b&userId=10810148&syncEnabled=true&teamPlan=&id=Postman&localVersion=7.20.1&arch=amd64
2020-03-23 21:46:46> UpdateInfo: Couldn't get release notes for:Postman-win64-7.21.0-delta.nupkg: System.IO.FileNotFoundException: 'C:\Users\Recep\AppData\Local\Postman\packages\Postman-win64-7.21.0-delta.nupkg' dosyası bulunamadı.
Dosya adı: 'C:\Users\Recep\AppData\Local\Postman\packages\Postman-win64-7.21.0-delta.nupkg'
   konum: System.IO.__Error.WinIOError(Int32 errorCode, String maybeFullPath)
   konum: System.IO.FileStream.Init(String path, FileMode mode, FileAccess access, Int32 rights, Boolean useRights, FileShare share, Int32 bufferSize, FileOptions options, SECURITY_ATTRIBUTES secAttrs, String msgPath, Boolean bFromProxy, Boolean useLongPath, Boolean checkHost)
   konum: System.IO.FileStream..ctor(String path, FileMode mode, FileAccess access, FileShare share)
   konum: NuGet.ZipPackage.<>c__DisplayClass9_0.<.ctor>b__0()
   konum: NuGet.ZipPackage.EnsureManifest()
   konum: NuGet.ZipPackage..ctor(String filePath, Boolean enableCaching)
   konum: Squirrel.ReleaseEntry.GetReleaseNotes(String packageDirectory)
   konum: Squirrel.UpdateInfo.<FetchReleaseNotes>b__19_0(ReleaseEntry x)
2020-03-23 21:46:46> Program: Starting Squirrel Updater: --update https://dl.pstmn.io/update/WIN64/7.20.1/stable?installationId=dcfe2eaf-e7dc-4202-b058-0a45374f888b&userId=10810148&syncEnabled=true&teamPlan=
2020-03-23 21:46:46> Program: Starting update, downloading from https://dl.pstmn.io/update/WIN64/7.20.1/stable?installationId=dcfe2eaf-e7dc-4202-b058-0a45374f888b&userId=10810148&syncEnabled=true&teamPlan=
2020-03-23 21:46:46> Program: About to update to: C:\Users\Recep\AppData\Local\Postman
2020-03-23 21:46:46> CheckForUpdateImpl: Using existing staging user ID: c5c2450b-1e02-59e9-9084-c4c85c952ec0
2020-03-23 21:46:46> CheckForUpdateImpl: Downloading RELEASES file from https://dl.pstmn.io/update/WIN64/7.20.1/stable?installationId=dcfe2eaf-e7dc-4202-b058-0a45374f888b&userId=10810148&syncEnabled=true&teamPlan=
2020-03-23 21:46:46> FileDownloader: Downloading url: https://dl.pstmn.io/update/WIN64/7.20.1/stable/RELEASES?installationId=dcfe2eaf-e7dc-4202-b058-0a45374f888b&userId=10810148&syncEnabled=true&teamPlan=&id=Postman&localVersion=7.20.1&arch=amd64
2020-03-23 21:46:46> FileDownloader: Downloading file: https://dl.pstmn.io/download/7.21.0/Postman-win64-7.21.0-delta.nupkg
2020-03-23 21:47:59> DeltaPackageBuilder: lib\net45\api-ms-win-core-console-l1-1-0.dll.diff exists unchanged, skipping
2020-03-23 21:47:59> DeltaPackageBuilder: lib\net45\api-ms-win-core-datetime-l1-1-0.dll.diff exists unchanged, skipping
2020-03-23 21:47:59> DeltaPackageBuilder: lib\net45\api-ms-win-core-debug-l1-1-0.dll.diff exists unchanged, skipping
2020-03-23 21:47:59> DeltaPackageBuilder: lib\net45\api-ms-win-core-errorhandling-l1-1-0.dll.diff exists unchanged, skipping
2020-03-23 21:47:59> DeltaPackageBuilder: lib\net45\api-ms-win-core-file-l1-1-0.dll.diff exists unchanged, skipping
2020-03-23 21:47:59> DeltaPackageBuilder: lib\net45\api-ms-win-core-file-l1-2-0.dll.diff exists unchanged, skipping
2020-03-23 21:47:59> DeltaPackageBuilder: lib\net45\api-ms-win-core-file-l2-1-0.dll.diff exists unchanged, skipping
2020-03-23 21:47:59> DeltaPackageBuilder: lib\net45\api-ms-win-core-handle-l1-1-0.dll.diff exists unchanged, skipping
2020-03-23 21:47:59> DeltaPackageBuilder: lib\net45\api-ms-win-core-heap-l1-1-0.dll.diff exists unchanged, skipping
2020-03-23 21:47:59> DeltaPackageBuilder: lib\net45\api-ms-win-core-interlocked-l1-1-0.dll.diff exists unchanged, skipping
2020-03-23 21:47:59> DeltaPackageBuilder: lib\net45\api-ms-win-core-libraryloader-l1-1-0.dll.diff exists unchanged, skipping
2020-03-23 21:47:59> DeltaPackageBuilder: lib\net45\api-ms-win-core-localization-l1-2-0.dll.diff exists unchanged, skipping
2020-03-23 21:47:59> DeltaPackageBuilder: lib\net45\api-ms-win-core-memory-l1-1-0.dll.diff exists unchanged, skipping
2020-03-23 21:47:59> DeltaPackageBuilder: lib\net45\api-ms-win-core-namedpipe-l1-1-0.dll.diff exists unchanged, skipping
2020-03-23 21:47:59> DeltaPackageBuilder: lib\net45\api-ms-win-core-processenvironment-l1-1-0.dll.diff exists unchanged, skipping
2020-03-23 21:47:59> DeltaPackageBuilder: lib\net45\api-ms-win-core-processthreads-l1-1-0.dll.diff exists unchanged, skipping
2020-03-23 21:47:59> DeltaPackageBuilder: lib\net45\api-ms-win-core-processthreads-l1-1-1.dll.diff exists unchanged, skipping
2020-03-23 21:47:59> DeltaPackageBuilder: lib\net45\api-ms-win-core-profile-l1-1-0.dll.diff exists unchanged, skipping
2020-03-23 21:47:59> DeltaPackageBuilder: lib\net45\api-ms-win-core-rtlsupport-l1-1-0.dll.diff exists unchanged, skipping
2020-03-23 21:47:59> DeltaPackageBuilder: lib\net45\api-ms-win-core-string-l1-1-0.dll.diff exists unchanged, skipping
2020-03-23 21:47:59> DeltaPackageBuilder: lib\net45\api-ms-win-core-synch-l1-1-0.dll.diff exists unchanged, skipping
2020-03-23 21:47:59> DeltaPackageBuilder: lib\net45\api-ms-win-core-synch-l1-2-0.dll.diff exists unchanged, skipping
2020-03-23 21:47:59> DeltaPackageBuilder: lib\net45\api-ms-win-core-sysinfo-l1-1-0.dll.diff exists unchanged, skipping
2020-03-23 21:47:59> DeltaPackageBuilder: lib\net45\api-ms-win-core-timezone-l1-1-0.dll.diff exists unchanged, skipping
2020-03-23 21:47:59> DeltaPackageBuilder: lib\net45\api-ms-win-core-util-l1-1-0.dll.diff exists unchanged, skipping
2020-03-23 21:47:59> DeltaPackageBuilder: lib\net45\api-ms-win-crt-conio-l1-1-0.dll.diff exists unchanged, skipping
2020-03-23 21:47:59> DeltaPackageBuilder: lib\net45\api-ms-win-crt-convert-l1-1-0.dll.diff exists unchanged, skipping
2020-03-23 21:47:59> DeltaPackageBuilder: lib\net45\api-ms-win-crt-environment-l1-1-0.dll.diff exists unchanged, skipping
2020-03-23 21:47:59> DeltaPackageBuilder: lib\net45\api-ms-win-crt-filesystem-l1-1-0.dll.diff exists unchanged, skipping
2020-03-23 21:47:59> DeltaPackageBuilder: lib\net45\api-ms-win-crt-heap-l1-1-0.dll.diff exists unchanged, skipping
2020-03-23 21:47:59> DeltaPackageBuilder: lib\net45\api-ms-win-crt-locale-l1-1-0.dll.diff exists unchanged, skipping
2020-03-23 21:47:59> DeltaPackageBuilder: lib\net45\api-ms-win-crt-math-l1-1-0.dll.diff exists unchanged, skipping
2020-03-23 21:47:59> DeltaPackageBuilder: lib\net45\api-ms-win-crt-multibyte-l1-1-0.dll.diff exists unchanged, skipping
2020-03-23 21:47:59> DeltaPackageBuilder: lib\net45\api-ms-win-crt-private-l1-1-0.dll.diff exists unchanged, skipping
2020-03-23 21:47:59> DeltaPackageBuilder: lib\net45\api-ms-win-crt-process-l1-1-0.dll.diff exists unchanged, skipping
2020-03-23 21:47:59> DeltaPackageBuilder: lib\net45\api-ms-win-crt-runtime-l1-1-0.dll.diff exists unchanged, skipping
2020-03-23 21:47:59> DeltaPackageBuilder: lib\net45\api-ms-win-crt-stdio-l1-1-0.dll.diff exists unchanged, skipping
2020-03-23 21:47:59> DeltaPackageBuilder: lib\net45\api-ms-win-crt-string-l1-1-0.dll.diff exists unchanged, skipping
2020-03-23 21:47:59> DeltaPackageBuilder: lib\net45\api-ms-win-crt-time-l1-1-0.dll.diff exists unchanged, skipping
2020-03-23 21:47:59> DeltaPackageBuilder: lib\net45\api-ms-win-crt-utility-l1-1-0.dll.diff exists unchanged, skipping
2020-03-23 21:47:59> DeltaPackageBuilder: lib\net45\blink_image_resources_200_percent.pak.diff exists unchanged, skipping
2020-03-23 21:47:59> DeltaPackageBuilder: lib\net45\content_resources_200_percent.pak.diff exists unchanged, skipping
2020-03-23 21:47:59> DeltaPackageBuilder: lib\net45\content_shell.pak.diff exists unchanged, skipping
2020-03-23 21:47:59> DeltaPackageBuilder: lib\net45\d3dcompiler_47.dll.diff exists unchanged, skipping
2020-03-23 21:47:59> DeltaPackageBuilder: Applying MSDiff to lib\net45\ffmpeg.dll.diff
2020-03-23 21:47:59> DeltaPackageBuilder: lib\net45\icudtl.dat.diff exists unchanged, skipping
2020-03-23 21:47:59> DeltaPackageBuilder: Applying MSDiff to lib\net45\libEGL.dll.diff
2020-03-23 21:47:59> DeltaPackageBuilder: Applying MSDiff to lib\net45\libGLESv2.dll.diff
2020-03-23 21:47:59> DeltaPackageBuilder: lib\net45\LICENSE.diff exists unchanged, skipping
2020-03-23 21:47:59> DeltaPackageBuilder: lib\net45\msvcp140.dll.diff exists unchanged, skipping
2020-03-23 21:47:59> DeltaPackageBuilder: lib\net45\natives_blob.bin.diff exists unchanged, skipping
2020-03-23 21:47:59> DeltaPackageBuilder: Applying MSDiff to lib\net45\node.dll.diff
2020-03-23 21:47:59> DeltaPackageBuilder: Applying BSDiff to lib\net45\Postman.exe.bsdiff
2020-03-23 21:48:00> DeltaPackageBuilder: Applying MSDiff to lib\net45\Postman_ExecutionStub.exe.diff
2020-03-23 21:48:00> DeltaPackageBuilder: Applying MSDiff to lib\net45\squirrel.exe.diff
2020-03-23 21:48:00> DeltaPackageBuilder: lib\net45\ucrtbase.dll.diff exists unchanged, skipping
2020-03-23 21:48:00> DeltaPackageBuilder: lib\net45\ui_resources_200_percent.pak.diff exists unchanged, skipping
2020-03-23 21:48:00> DeltaPackageBuilder: lib\net45\v8_context_snapshot.bin.diff exists unchanged, skipping
2020-03-23 21:48:00> DeltaPackageBuilder: lib\net45\vcruntime140.dll.diff exists unchanged, skipping
2020-03-23 21:48:00> DeltaPackageBuilder: lib\net45\views_resources_200_percent.pak.diff exists unchanged, skipping
2020-03-23 21:48:00> DeltaPackageBuilder: lib\net45\locales\am.pak.diff exists unchanged, skipping
2020-03-23 21:48:00> DeltaPackageBuilder: lib\net45\locales\ar.pak.diff exists unchanged, skipping
2020-03-23 21:48:00> DeltaPackageBuilder: lib\net45\locales\bg.pak.diff exists unchanged, skipping
2020-03-23 21:48:00> DeltaPackageBuilder: lib\net45\locales\bn.pak.diff exists unchanged, skipping
2020-03-23 21:48:00> DeltaPackageBuilder: lib\net45\locales\ca.pak.diff exists unchanged, skipping
2020-03-23 21:48:00> DeltaPackageBuilder: lib\net45\locales\cs.pak.diff exists unchanged, skipping
2020-03-23 21:48:00> DeltaPackageBuilder: lib\net45\locales\da.pak.diff exists unchanged, skipping
2020-03-23 21:48:00> DeltaPackageBuilder: lib\net45\locales\de.pak.diff exists unchanged, skipping
2020-03-23 21:48:00> DeltaPackageBuilder: lib\net45\locales\el.pak.diff exists unchanged, skipping
2020-03-23 21:48:00> DeltaPackageBuilder: lib\net45\locales\en-GB.pak.diff exists unchanged, skipping
2020-03-23 21:48:00> DeltaPackageBuilder: lib\net45\locales\en-US.pak.diff exists unchanged, skipping
2020-03-23 21:48:00> DeltaPackageBuilder: lib\net45\locales\es-419.pak.diff exists unchanged, skipping
2020-03-23 21:48:00> DeltaPackageBuilder: lib\net45\locales\es.pak.diff exists unchanged, skipping
2020-03-23 21:48:00> DeltaPackageBuilder: lib\net45\locales\et.pak.diff exists unchanged, skipping
2020-03-23 21:48:00> DeltaPackageBuilder: lib\net45\locales\fa.pak.diff exists unchanged, skipping
2020-03-23 21:48:00> DeltaPackageBuilder: lib\net45\locales\fake-bidi.pak.diff exists unchanged, skipping
2020-03-23 21:48:00> DeltaPackageBuilder: lib\net45\locales\fi.pak.diff exists unchanged, skipping
2020-03-23 21:48:00> DeltaPackageBuilder: lib\net45\locales\fil.pak.diff exists unchanged, skipping
2020-03-23 21:48:00> DeltaPackageBuilder: lib\net45\locales\fr.pak.diff exists unchanged, skipping
2020-03-23 21:48:00> DeltaPackageBuilder: lib\net45\locales\gu.pak.diff exists unchanged, skipping
2020-03-23 21:48:00> DeltaPackageBuilder: lib\net45\locales\he.pak.diff exists unchanged, skipping
2020-03-23 21:48:00> DeltaPackageBuilder: lib\net45\locales\hi.pak.diff exists unchanged, skipping
2020-03-23 21:48:00> DeltaPackageBuilder: lib\net45\locales\hr.pak.diff exists unchanged, skipping
2020-03-23 21:48:00> DeltaPackageBuilder: lib\net45\locales\hu.pak.diff exists unchanged, skipping
2020-03-23 21:48:00> DeltaPackageBuilder: lib\net45\locales\id.pak.diff exists unchanged, skipping
2020-03-23 21:48:00> DeltaPackageBuilder: lib\net45\locales\it.pak.diff exists unchanged, skipping
2020-03-23 21:48:00> DeltaPackageBuilder: lib\net45\locales\ja.pak.diff exists unchanged, skipping
2020-03-23 21:48:00> DeltaPackageBuilder: lib\net45\locales\kn.pak.diff exists unchanged, skipping
2020-03-23 21:48:00> DeltaPackageBuilder: lib\net45\locales\ko.pak.diff exists unchanged, skipping
2020-03-23 21:48:00> DeltaPackageBuilder: lib\net45\locales\lt.pak.diff exists unchanged, skipping
2020-03-23 21:48:00> DeltaPackageBuilder: lib\net45\locales\lv.pak.diff exists unchanged, skipping
2020-03-23 21:48:00> DeltaPackageBuilder: lib\net45\locales\ml.pak.diff exists unchanged, skipping
2020-03-23 21:48:00> DeltaPackageBuilder: lib\net45\locales\mr.pak.diff exists unchanged, skipping
2020-03-23 21:48:00> DeltaPackageBuilder: lib\net45\locales\ms.pak.diff exists unchanged, skipping
2020-03-23 21:48:00> DeltaPackageBuilder: lib\net45\locales\nb.pak.diff exists unchanged, skipping
2020-03-23 21:48:00> DeltaPackageBuilder: lib\net45\locales\nl.pak.diff exists unchanged, skipping
2020-03-23 21:48:00> DeltaPackageBuilder: lib\net45\locales\pl.pak.diff exists unchanged, skipping
2020-03-23 21:48:00> DeltaPackageBuilder: lib\net45\locales\pt-BR.pak.diff exists unchanged, skipping
2020-03-23 21:48:00> DeltaPackageBuilder: lib\net45\locales\pt-PT.pak.diff exists unchanged, skipping
2020-03-23 21:48:00> DeltaPackageBuilder: lib\net45\locales\ro.pak.diff exists unchanged, skipping
2020-03-23 21:48:00> DeltaPackageBuilder: lib\net45\locales\ru.pak.diff exists unchanged, skipping
2020-03-23 21:48:00> DeltaPackageBuilder: lib\net45\locales\sk.pak.diff exists unchanged, skipping
2020-03-23 21:48:00> DeltaPackageBuilder: lib\net45\locales\sl.pak.diff exists unchanged, skipping
2020-03-23 21:48:00> DeltaPackageBuilder: lib\net45\locales\sr.pak.diff exists unchanged, skipping
2020-03-23 21:48:00> DeltaPackageBuilder: lib\net45\locales\sv.pak.diff exists unchanged, skipping
2020-03-23 21:48:00> DeltaPackageBuilder: lib\net45\locales\sw.pak.diff exists unchanged, skipping
2020-03-23 21:48:00> DeltaPackageBuilder: lib\net45\locales\ta.pak.diff exists unchanged, skipping
2020-03-23 21:48:00> DeltaPackageBuilder: lib\net45\locales\te.pak.diff exists unchanged, skipping
2020-03-23 21:48:00> DeltaPackageBuilder: lib\net45\locales\th.pak.diff exists unchanged, skipping
2020-03-23 21:48:00> DeltaPackageBuilder: lib\net45\locales\tr.pak.diff exists unchanged, skipping
2020-03-23 21:48:00> DeltaPackageBuilder: lib\net45\locales\uk.pak.diff exists unchanged, skipping
2020-03-23 21:48:00> DeltaPackageBuilder: lib\net45\locales\vi.pak.diff exists unchanged, skipping
2020-03-23 21:48:00> DeltaPackageBuilder: lib\net45\locales\zh-CN.pak.diff exists unchanged, skipping
2020-03-23 21:48:00> DeltaPackageBuilder: lib\net45\locales\zh-TW.pak.diff exists unchanged, skipping
2020-03-23 21:48:00> DeltaPackageBuilder: Adding new file: lib\net45\resources\app.asar
2020-03-23 21:48:00> DeltaPackageBuilder: lib\net45\resources\electron.asar.diff exists unchanged, skipping
2020-03-23 21:48:00> DeltaPackageBuilder: Updating metadata file: Postman.nuspec
2020-03-23 21:48:00> DeltaPackageBuilder: Updating metadata file: [Content_Types].xml
2020-03-23 21:48:00> DeltaPackageBuilder: Updating metadata file: package\services\metadata\core-properties\b6e36b362d2044918aa6bfc343bdb15e.psmdcp
2020-03-23 21:48:00> DeltaPackageBuilder: Updating metadata file: _rels\.rels
2020-03-23 21:48:00> DeltaPackageBuilder: Repacking into full package: C:\Users\Recep\AppData\Local\Postman\packages\Postman-win64-7.21.0.nupkg
2020-03-23 21:48:12> ApplyReleasesImpl: Writing files to app directory: C:\Users\Recep\AppData\Local\Postman\app-7.21.0
2020-03-23 21:48:14> LogHost: Rigging execution stub for Postman_ExecutionStub.exe to C:\Users\Recep\AppData\Local\Postman\Postman.exe
2020-03-23 21:48:15> ApplyReleasesImpl: Squirrel Enabled Apps: [C:\Users\Recep\AppData\Local\Postman\app-7.21.0\Postman.exe]
2020-03-23 21:48:17> ApplyReleasesImpl: Starting fixPinnedExecutables
2020-03-23 21:48:17> ApplyReleasesImpl: Examining Pin: File Explorer.lnk
2020-03-23 21:48:17> ApplyReleasesImpl: Examining Pin: Opera tarayıcı.lnk
2020-03-23 21:48:17> ApplyReleasesImpl: Examining Pin: PhpStorm 2019.3.3.lnk
2020-03-23 21:48:17> ApplyReleasesImpl: Examining Pin: Visual Studio Code.lnk
2020-03-23 21:48:17> ApplyReleasesImpl: Fixing up tray icons
2020-03-23 21:48:17> ApplyReleasesImpl: cleanDeadVersions: for version 7.21.0
2020-03-23 21:48:17> ApplyReleasesImpl: cleanDeadVersions: exclude folder app-7.20.1
2020-03-23 21:48:17> ApplyReleasesImpl: cleanDeadVersions: exclude folder app-7.21.0
2020-03-23 21:48:17> InstallHelperImpl: Couldn't write uninstall icon, don't care: System.Net.WebException: 'C:\Users\Administrator\buildkite-agent\builds\pm-build\postman\app-package-and-deploy\resources\postman-prod.ico' yolunun bir parçası bulunamadı. ---> System.Net.WebException: 'C:\Users\Administrator\buildkite-agent\builds\pm-build\postman\app-package-and-deploy\resources\postman-prod.ico' yolunun bir parçası bulunamadı. ---> System.IO.DirectoryNotFoundException: 'C:\Users\Administrator\buildkite-agent\builds\pm-build\postman\app-package-and-deploy\resources\postman-prod.ico' yolunun bir parçası bulunamadı.
   konum: System.IO.__Error.WinIOError(Int32 errorCode, String maybeFullPath)
   konum: System.IO.FileStream.Init(String path, FileMode mode, FileAccess access, Int32 rights, Boolean useRights, FileShare share, Int32 bufferSize, FileOptions options, SECURITY_ATTRIBUTES secAttrs, String msgPath, Boolean bFromProxy, Boolean useLongPath, Boolean checkHost)
   konum: System.IO.FileStream..ctor(String path, FileMode mode, FileAccess access, FileShare share, Int32 bufferSize, FileOptions options, String msgPath, Boolean bFromProxy)
   konum: System.Net.FileWebStream..ctor(FileWebRequest request, String path, FileMode mode, FileAccess access, FileShare sharing, Int32 length, Boolean async)
   konum: System.Net.FileWebResponse..ctor(FileWebRequest request, Uri uri, FileAccess access, Boolean asyncHint)
   --- İç özel durum yığını izlemesinin sonu ---
   konum: System.Net.FileWebResponse..ctor(FileWebRequest request, Uri uri, FileAccess access, Boolean asyncHint)
   konum: System.Net.FileWebRequest.GetResponseCallback(Object state)
   --- İç özel durum yığını izlemesinin sonu ---
   konum: System.Net.FileWebRequest.EndGetResponse(IAsyncResult asyncResult)
   konum: System.Net.WebClient.GetWebResponse(WebRequest request, IAsyncResult result)
   konum: System.Net.WebClient.DownloadBitsResponseCallback(IAsyncResult result)
--- Özel durumun oluşturulduğu önceki konumdan başlayan yığın izlemesinin sonu ---
   konum: System.Runtime.CompilerServices.TaskAwaiter.ThrowForNonSuccess(Task task)
   konum: System.Runtime.CompilerServices.TaskAwaiter.HandleNonSuccessAndDebuggerNotification(Task task)
   konum: System.Runtime.CompilerServices.TaskAwaiter.ValidateEnd(Task task)
   konum: Squirrel.UpdateManager.InstallHelperImpl.<CreateUninstallerRegistryEntry>d__5.MoveNext()
2020-03-24 12:47:34> Program: Starting Squirrel Updater: --createShortcut=Postman.exe --shortcut-locations=StartMenu,Desktop
2020-03-24 12:47:34> ApplyReleasesImpl: About to create shortcuts for Postman.exe, rootAppDir C:\Users\Recep\AppData\Local\Postman
2020-03-24 12:47:34> ApplyReleasesImpl: Creating shortcut for Postman.exe => C:\Users\Recep\AppData\Roaming\Microsoft\Windows\Start Menu\Programs\Postman\Postman.lnk
2020-03-24 12:47:34> ApplyReleasesImpl: About to save shortcut: C:\Users\Recep\AppData\Roaming\Microsoft\Windows\Start Menu\Programs\Postman\Postman.lnk (target C:\Users\Recep\AppData\Local\Postman\Postman.exe, workingDir C:\Users\Recep\AppData\Local\Postman\app-7.21.0, args , toastActivatorCSLID d56d0ae8-2c2a-5b45-bd3b-9973bc69da9e)
2020-03-24 12:47:34> ApplyReleasesImpl: Creating shortcut for Postman.exe => C:\Users\Recep\Desktop\Postman.lnk
2020-03-24 12:47:34> ApplyReleasesImpl: About to save shortcut: C:\Users\Recep\Desktop\Postman.lnk (target C:\Users\Recep\AppData\Local\Postman\Postman.exe, workingDir C:\Users\Recep\AppData\Local\Postman\app-7.21.0, args , toastActivatorCSLID d56d0ae8-2c2a-5b45-bd3b-9973bc69da9e)
2020-03-24 12:47:34> ApplyReleasesImpl: Examining Pin: File Explorer.lnk
2020-03-24 12:47:34> ApplyReleasesImpl: Examining Pin: Opera tarayıcı.lnk
2020-03-24 12:47:34> ApplyReleasesImpl: Examining Pin: PhpStorm 2019.3.3.lnk
2020-03-24 12:47:34> ApplyReleasesImpl: Examining Pin: Visual Studio Code.lnk
2020-03-25 00:58:36> Program: Starting Squirrel Updater: --checkForUpdate https://dl.pstmn.io/update/WIN64/7.21.0/stable?installationId=dcfe2eaf-e7dc-4202-b058-0a45374f888b&userId=10810148&syncEnabled=true&teamPlan=
2020-03-25 00:58:36> Program: Fetching update information, downloading from https://dl.pstmn.io/update/WIN64/7.21.0/stable?installationId=dcfe2eaf-e7dc-4202-b058-0a45374f888b&userId=10810148&syncEnabled=true&teamPlan=
2020-03-25 00:58:36> CheckForUpdateImpl: Using existing staging user ID: c5c2450b-1e02-59e9-9084-c4c85c952ec0
2020-03-25 00:58:36> CheckForUpdateImpl: Downloading RELEASES file from https://dl.pstmn.io/update/WIN64/7.21.0/stable?installationId=dcfe2eaf-e7dc-4202-b058-0a45374f888b&userId=10810148&syncEnabled=true&teamPlan=
2020-03-25 00:58:36> FileDownloader: Downloading url: https://dl.pstmn.io/update/WIN64/7.21.0/stable/RELEASES?installationId=dcfe2eaf-e7dc-4202-b058-0a45374f888b&userId=10810148&syncEnabled=true&teamPlan=&id=Postman-win64&localVersion=7.21.0&arch=amd64
2020-03-25 00:58:37> UpdateInfo: Couldn't get release notes for:Postman-win64-7.21.1-delta.nupkg: System.IO.FileNotFoundException: 'C:\Users\Recep\AppData\Local\Postman\packages\Postman-win64-7.21.1-delta.nupkg' dosyası bulunamadı.
Dosya adı: 'C:\Users\Recep\AppData\Local\Postman\packages\Postman-win64-7.21.1-delta.nupkg'
   konum: System.IO.__Error.WinIOError(Int32 errorCode, String maybeFullPath)
   konum: System.IO.FileStream.Init(String path, FileMode mode, FileAccess access, Int32 rights, Boolean useRights, FileShare share, Int32 bufferSize, FileOptions options, SECURITY_ATTRIBUTES secAttrs, String msgPath, Boolean bFromProxy, Boolean useLongPath, Boolean checkHost)
   konum: System.IO.FileStream..ctor(String path, FileMode mode, FileAccess access, FileShare share)
   konum: NuGet.ZipPackage.<>c__DisplayClass9_0.<.ctor>b__0()
   konum: NuGet.ZipPackage.EnsureManifest()
   konum: NuGet.ZipPackage..ctor(String filePath, Boolean enableCaching)
   konum: Squirrel.ReleaseEntry.GetReleaseNotes(String packageDirectory)
   konum: Squirrel.UpdateInfo.<FetchReleaseNotes>b__19_0(ReleaseEntry x)
2020-03-25 00:58:37> Program: Starting Squirrel Updater: --update https://dl.pstmn.io/update/WIN64/7.21.0/stable?installationId=dcfe2eaf-e7dc-4202-b058-0a45374f888b&userId=10810148&syncEnabled=true&teamPlan=
2020-03-25 00:58:37> Program: Starting update, downloading from https://dl.pstmn.io/update/WIN64/7.21.0/stable?installationId=dcfe2eaf-e7dc-4202-b058-0a45374f888b&userId=10810148&syncEnabled=true&teamPlan=
2020-03-25 00:58:37> Program: About to update to: C:\Users\Recep\AppData\Local\Postman
2020-03-25 00:58:37> CheckForUpdateImpl: Using existing staging user ID: c5c2450b-1e02-59e9-9084-c4c85c952ec0
2020-03-25 00:58:37> CheckForUpdateImpl: Downloading RELEASES file from https://dl.pstmn.io/update/WIN64/7.21.0/stable?installationId=dcfe2eaf-e7dc-4202-b058-0a45374f888b&userId=10810148&syncEnabled=true&teamPlan=
2020-03-25 00:58:37> FileDownloader: Downloading url: https://dl.pstmn.io/update/WIN64/7.21.0/stable/RELEASES?installationId=dcfe2eaf-e7dc-4202-b058-0a45374f888b&userId=10810148&syncEnabled=true&teamPlan=&id=Postman-win64&localVersion=7.21.0&arch=amd64
2020-03-25 00:58:38> FileDownloader: Downloading file: https://dl.pstmn.io/download/7.21.1/Postman-win64-7.21.1-delta.nupkg
2020-03-25 00:59:09> DeltaPackageBuilder: lib\net45\api-ms-win-core-console-l1-1-0.dll.diff exists unchanged, skipping
2020-03-25 00:59:09> DeltaPackageBuilder: lib\net45\api-ms-win-core-datetime-l1-1-0.dll.diff exists unchanged, skipping
2020-03-25 00:59:09> DeltaPackageBuilder: lib\net45\api-ms-win-core-debug-l1-1-0.dll.diff exists unchanged, skipping
2020-03-25 00:59:09> DeltaPackageBuilder: lib\net45\api-ms-win-core-errorhandling-l1-1-0.dll.diff exists unchanged, skipping
2020-03-25 00:59:09> DeltaPackageBuilder: lib\net45\api-ms-win-core-file-l1-1-0.dll.diff exists unchanged, skipping
2020-03-25 00:59:09> DeltaPackageBuilder: lib\net45\api-ms-win-core-file-l1-2-0.dll.diff exists unchanged, skipping
2020-03-25 00:59:09> DeltaPackageBuilder: lib\net45\api-ms-win-core-file-l2-1-0.dll.diff exists unchanged, skipping
2020-03-25 00:59:09> DeltaPackageBuilder: lib\net45\api-ms-win-core-handle-l1-1-0.dll.diff exists unchanged, skipping
2020-03-25 00:59:09> DeltaPackageBuilder: lib\net45\api-ms-win-core-heap-l1-1-0.dll.diff exists unchanged, skipping
2020-03-25 00:59:09> DeltaPackageBuilder: lib\net45\api-ms-win-core-interlocked-l1-1-0.dll.diff exists unchanged, skipping
2020-03-25 00:59:09> DeltaPackageBuilder: lib\net45\api-ms-win-core-libraryloader-l1-1-0.dll.diff exists unchanged, skipping
2020-03-25 00:59:09> DeltaPackageBuilder: lib\net45\api-ms-win-core-localization-l1-2-0.dll.diff exists unchanged, skipping
2020-03-25 00:59:09> DeltaPackageBuilder: lib\net45\api-ms-win-core-memory-l1-1-0.dll.diff exists unchanged, skipping
2020-03-25 00:59:09> DeltaPackageBuilder: lib\net45\api-ms-win-core-namedpipe-l1-1-0.dll.diff exists unchanged, skipping
2020-03-25 00:59:09> DeltaPackageBuilder: lib\net45\api-ms-win-core-processenvironment-l1-1-0.dll.diff exists unchanged, skipping
2020-03-25 00:59:09> DeltaPackageBuilder: lib\net45\api-ms-win-core-processthreads-l1-1-0.dll.diff exists unchanged, skipping
2020-03-25 00:59:09> DeltaPackageBuilder: lib\net45\api-ms-win-core-processthreads-l1-1-1.dll.diff exists unchanged, skipping
2020-03-25 00:59:09> DeltaPackageBuilder: lib\net45\api-ms-win-core-profile-l1-1-0.dll.diff exists unchanged, skipping
2020-03-25 00:59:09> DeltaPackageBuilder: lib\net45\api-ms-win-core-rtlsupport-l1-1-0.dll.diff exists unchanged, skipping
2020-03-25 00:59:09> DeltaPackageBuilder: lib\net45\api-ms-win-core-string-l1-1-0.dll.diff exists unchanged, skipping
2020-03-25 00:59:09> DeltaPackageBuilder: lib\net45\api-ms-win-core-synch-l1-1-0.dll.diff exists unchanged, skipping
2020-03-25 00:59:09> DeltaPackageBuilder: lib\net45\api-ms-win-core-synch-l1-2-0.dll.diff exists unchanged, skipping
2020-03-25 00:59:09> DeltaPackageBuilder: lib\net45\api-ms-win-core-sysinfo-l1-1-0.dll.diff exists unchanged, skipping
2020-03-25 00:59:09> DeltaPackageBuilder: lib\net45\api-ms-win-core-timezone-l1-1-0.dll.diff exists unchanged, skipping
2020-03-25 00:59:09> DeltaPackageBuilder: lib\net45\api-ms-win-core-util-l1-1-0.dll.diff exists unchanged, skipping
2020-03-25 00:59:09> DeltaPackageBuilder: lib\net45\api-ms-win-crt-conio-l1-1-0.dll.diff exists unchanged, skipping
2020-03-25 00:59:09> DeltaPackageBuilder: lib\net45\api-ms-win-crt-convert-l1-1-0.dll.diff exists unchanged, skipping
2020-03-25 00:59:09> DeltaPackageBuilder: lib\net45\api-ms-win-crt-environment-l1-1-0.dll.diff exists unchanged, skipping
2020-03-25 00:59:09> DeltaPackageBuilder: lib\net45\api-ms-win-crt-filesystem-l1-1-0.dll.diff exists unchanged, skipping
2020-03-25 00:59:09> DeltaPackageBuilder: lib\net45\api-ms-win-crt-heap-l1-1-0.dll.diff exists unchanged, skipping
2020-03-25 00:59:09> DeltaPackageBuilder: lib\net45\api-ms-win-crt-locale-l1-1-0.dll.diff exists unchanged, skipping
2020-03-25 00:59:09> DeltaPackageBuilder: lib\net45\api-ms-win-crt-math-l1-1-0.dll.diff exists unchanged, skipping
2020-03-25 00:59:09> DeltaPackageBuilder: lib\net45\api-ms-win-crt-multibyte-l1-1-0.dll.diff exists unchanged, skipping
2020-03-25 00:59:09> DeltaPackageBuilder: lib\net45\api-ms-win-crt-private-l1-1-0.dll.diff exists unchanged, skipping
2020-03-25 00:59:09> DeltaPackageBuilder: lib\net45\api-ms-win-crt-process-l1-1-0.dll.diff exists unchanged, skipping
2020-03-25 00:59:09> DeltaPackageBuilder: lib\net45\api-ms-win-crt-runtime-l1-1-0.dll.diff exists unchanged, skipping
2020-03-25 00:59:09> DeltaPackageBuilder: lib\net45\api-ms-win-crt-stdio-l1-1-0.dll.diff exists unchanged, skipping
2020-03-25 00:59:09> DeltaPackageBuilder: lib\net45\api-ms-win-crt-string-l1-1-0.dll.diff exists unchanged, skipping
2020-03-25 00:59:09> DeltaPackageBuilder: lib\net45\api-ms-win-crt-time-l1-1-0.dll.diff exists unchanged, skipping
2020-03-25 00:59:09> DeltaPackageBuilder: lib\net45\api-ms-win-crt-utility-l1-1-0.dll.diff exists unchanged, skipping
2020-03-25 00:59:09> DeltaPackageBuilder: lib\net45\blink_image_resources_200_percent.pak.diff exists unchanged, skipping
2020-03-25 00:59:09> DeltaPackageBuilder: lib\net45\content_resources_200_percent.pak.diff exists unchanged, skipping
2020-03-25 00:59:09> DeltaPackageBuilder: lib\net45\content_shell.pak.diff exists unchanged, skipping
2020-03-25 00:59:09> DeltaPackageBuilder: lib\net45\d3dcompiler_47.dll.diff exists unchanged, skipping
2020-03-25 00:59:09> DeltaPackageBuilder: Applying MSDiff to lib\net45\ffmpeg.dll.diff
2020-03-25 00:59:09> DeltaPackageBuilder: lib\net45\icudtl.dat.diff exists unchanged, skipping
2020-03-25 00:59:09> DeltaPackageBuilder: Applying MSDiff to lib\net45\libEGL.dll.diff
2020-03-25 00:59:09> DeltaPackageBuilder: Applying MSDiff to lib\net45\libGLESv2.dll.diff
2020-03-25 00:59:09> DeltaPackageBuilder: lib\net45\LICENSE.diff exists unchanged, skipping
2020-03-25 00:59:09> DeltaPackageBuilder: lib\net45\msvcp140.dll.diff exists unchanged, skipping
2020-03-25 00:59:09> DeltaPackageBuilder: lib\net45\natives_blob.bin.diff exists unchanged, skipping
2020-03-25 00:59:09> DeltaPackageBuilder: Applying MSDiff to lib\net45\node.dll.diff
2020-03-25 00:59:10> DeltaPackageBuilder: Applying BSDiff to lib\net45\Postman.exe.bsdiff
2020-03-25 00:59:11> DeltaPackageBuilder: Applying MSDiff to lib\net45\Postman_ExecutionStub.exe.diff
2020-03-25 00:59:11> DeltaPackageBuilder: Applying MSDiff to lib\net45\squirrel.exe.diff
2020-03-25 00:59:11> DeltaPackageBuilder: lib\net45\ucrtbase.dll.diff exists unchanged, skipping
2020-03-25 00:59:11> DeltaPackageBuilder: lib\net45\ui_resources_200_percent.pak.diff exists unchanged, skipping
2020-03-25 00:59:11> DeltaPackageBuilder: lib\net45\v8_context_snapshot.bin.diff exists unchanged, skipping
2020-03-25 00:59:11> DeltaPackageBuilder: lib\net45\vcruntime140.dll.diff exists unchanged, skipping
2020-03-25 00:59:11> DeltaPackageBuilder: lib\net45\views_resources_200_percent.pak.diff exists unchanged, skipping
2020-03-25 00:59:11> DeltaPackageBuilder: lib\net45\locales\am.pak.diff exists unchanged, skipping
2020-03-25 00:59:11> DeltaPackageBuilder: lib\net45\locales\ar.pak.diff exists unchanged, skipping
2020-03-25 00:59:11> DeltaPackageBuilder: lib\net45\locales\bg.pak.diff exists unchanged, skipping
2020-03-25 00:59:11> DeltaPackageBuilder: lib\net45\locales\bn.pak.diff exists unchanged, skipping
2020-03-25 00:59:11> DeltaPackageBuilder: lib\net45\locales\ca.pak.diff exists unchanged, skipping
2020-03-25 00:59:11> DeltaPackageBuilder: lib\net45\locales\cs.pak.diff exists unchanged, skipping
2020-03-25 00:59:11> DeltaPackageBuilder: lib\net45\locales\da.pak.diff exists unchanged, skipping
2020-03-25 00:59:11> DeltaPackageBuilder: lib\net45\locales\de.pak.diff exists unchanged, skipping
2020-03-25 00:59:11> DeltaPackageBuilder: lib\net45\locales\el.pak.diff exists unchanged, skipping
2020-03-25 00:59:11> DeltaPackageBuilder: lib\net45\locales\en-GB.pak.diff exists unchanged, skipping
2020-03-25 00:59:11> DeltaPackageBuilder: lib\net45\locales\en-US.pak.diff exists unchanged, skipping
2020-03-25 00:59:11> DeltaPackageBuilder: lib\net45\locales\es-419.pak.diff exists unchanged, skipping
2020-03-25 00:59:11> DeltaPackageBuilder: lib\net45\locales\es.pak.diff exists unchanged, skipping
2020-03-25 00:59:11> DeltaPackageBuilder: lib\net45\locales\et.pak.diff exists unchanged, skipping
2020-03-25 00:59:11> DeltaPackageBuilder: lib\net45\locales\fa.pak.diff exists unchanged, skipping
2020-03-25 00:59:11> DeltaPackageBuilder: lib\net45\locales\fake-bidi.pak.diff exists unchanged, skipping
2020-03-25 00:59:11> DeltaPackageBuilder: lib\net45\locales\fi.pak.diff exists unchanged, skipping
2020-03-25 00:59:11> DeltaPackageBuilder: lib\net45\locales\fil.pak.diff exists unchanged, skipping
2020-03-25 00:59:11> DeltaPackageBuilder: lib\net45\locales\fr.pak.diff exists unchanged, skipping
2020-03-25 00:59:11> DeltaPackageBuilder: lib\net45\locales\gu.pak.diff exists unchanged, skipping
2020-03-25 00:59:11> DeltaPackageBuilder: lib\net45\locales\he.pak.diff exists unchanged, skipping
2020-03-25 00:59:11> DeltaPackageBuilder: lib\net45\locales\hi.pak.diff exists unchanged, skipping
2020-03-25 00:59:11> DeltaPackageBuilder: lib\net45\locales\hr.pak.diff exists unchanged, skipping
2020-03-25 00:59:11> DeltaPackageBuilder: lib\net45\locales\hu.pak.diff exists unchanged, skipping
2020-03-25 00:59:11> DeltaPackageBuilder: lib\net45\locales\id.pak.diff exists unchanged, skipping
2020-03-25 00:59:11> DeltaPackageBuilder: lib\net45\locales\it.pak.diff exists unchanged, skipping
2020-03-25 00:59:11> DeltaPackageBuilder: lib\net45\locales\ja.pak.diff exists unchanged, skipping
2020-03-25 00:59:11> DeltaPackageBuilder: lib\net45\locales\kn.pak.diff exists unchanged, skipping
2020-03-25 00:59:11> DeltaPackageBuilder: lib\net45\locales\ko.pak.diff exists unchanged, skipping
2020-03-25 00:59:11> DeltaPackageBuilder: lib\net45\locales\lt.pak.diff exists unchanged, skipping
2020-03-25 00:59:11> DeltaPackageBuilder: lib\net45\locales\lv.pak.diff exists unchanged, skipping
2020-03-25 00:59:11> DeltaPackageBuilder: lib\net45\locales\ml.pak.diff exists unchanged, skipping
2020-03-25 00:59:11> DeltaPackageBuilder: lib\net45\locales\mr.pak.diff exists unchanged, skipping
2020-03-25 00:59:11> DeltaPackageBuilder: lib\net45\locales\ms.pak.diff exists unchanged, skipping
2020-03-25 00:59:11> DeltaPackageBuilder: lib\net45\locales\nb.pak.diff exists unchanged, skipping
2020-03-25 00:59:11> DeltaPackageBuilder: lib\net45\locales\nl.pak.diff exists unchanged, skipping
2020-03-25 00:59:11> DeltaPackageBuilder: lib\net45\locales\pl.pak.diff exists unchanged, skipping
2020-03-25 00:59:11> DeltaPackageBuilder: lib\net45\locales\pt-BR.pak.diff exists unchanged, skipping
2020-03-25 00:59:11> DeltaPackageBuilder: lib\net45\locales\pt-PT.pak.diff exists unchanged, skipping
2020-03-25 00:59:11> DeltaPackageBuilder: lib\net45\locales\ro.pak.diff exists unchanged, skipping
2020-03-25 00:59:11> DeltaPackageBuilder: lib\net45\locales\ru.pak.diff exists unchanged, skipping
2020-03-25 00:59:11> DeltaPackageBuilder: lib\net45\locales\sk.pak.diff exists unchanged, skipping
2020-03-25 00:59:11> DeltaPackageBuilder: lib\net45\locales\sl.pak.diff exists unchanged, skipping
2020-03-25 00:59:11> DeltaPackageBuilder: lib\net45\locales\sr.pak.diff exists unchanged, skipping
2020-03-25 00:59:11> DeltaPackageBuilder: lib\net45\locales\sv.pak.diff exists unchanged, skipping
2020-03-25 00:59:11> DeltaPackageBuilder: lib\net45\locales\sw.pak.diff exists unchanged, skipping
2020-03-25 00:59:11> DeltaPackageBuilder: lib\net45\locales\ta.pak.diff exists unchanged, skipping
2020-03-25 00:59:11> DeltaPackageBuilder: lib\net45\locales\te.pak.diff exists unchanged, skipping
2020-03-25 00:59:11> DeltaPackageBuilder: lib\net45\locales\th.pak.diff exists unchanged, skipping
2020-03-25 00:59:11> DeltaPackageBuilder: lib\net45\locales\tr.pak.diff exists unchanged, skipping
2020-03-25 00:59:11> DeltaPackageBuilder: lib\net45\locales\uk.pak.diff exists unchanged, skipping
2020-03-25 00:59:11> DeltaPackageBuilder: lib\net45\locales\vi.pak.diff exists unchanged, skipping
2020-03-25 00:59:11> DeltaPackageBuilder: lib\net45\locales\zh-CN.pak.diff exists unchanged, skipping
2020-03-25 00:59:11> DeltaPackageBuilder: lib\net45\locales\zh-TW.pak.diff exists unchanged, skipping
2020-03-25 00:59:11> DeltaPackageBuilder: Adding new file: lib\net45\resources\app.asar
2020-03-25 00:59:11> DeltaPackageBuilder: lib\net45\resources\electron.asar.diff exists unchanged, skipping
2020-03-25 00:59:11> DeltaPackageBuilder: Updating metadata file: Postman.nuspec
2020-03-25 00:59:11> DeltaPackageBuilder: Updating metadata file: [Content_Types].xml
2020-03-25 00:59:11> DeltaPackageBuilder: Updating metadata file: package\services\metadata\core-properties\e4f92b96d6a043b69a86d50c6441c3f1.psmdcp
2020-03-25 00:59:11> DeltaPackageBuilder: Updating metadata file: _rels\.rels
2020-03-25 00:59:11> DeltaPackageBuilder: Repacking into full package: C:\Users\Recep\AppData\Local\Postman\packages\Postman-win64-7.21.1.nupkg
2020-03-25 00:59:23> ApplyReleasesImpl: Writing files to app directory: C:\Users\Recep\AppData\Local\Postman\app-7.21.1
2020-03-25 00:59:24> LogHost: Rigging execution stub for Postman_ExecutionStub.exe to C:\Users\Recep\AppData\Local\Postman\Postman.exe
2020-03-25 00:59:26> ApplyReleasesImpl: Squirrel Enabled Apps: [C:\Users\Recep\AppData\Local\Postman\app-7.21.1\Postman.exe]
2020-03-25 00:59:27> ApplyReleasesImpl: Starting fixPinnedExecutables
2020-03-25 00:59:27> ApplyReleasesImpl: Examining Pin: File Explorer.lnk
2020-03-25 00:59:27> ApplyReleasesImpl: Examining Pin: Opera tarayıcı.lnk
2020-03-25 00:59:27> ApplyReleasesImpl: Examining Pin: PhpStorm 2019.3.3.lnk
2020-03-25 00:59:27> ApplyReleasesImpl: Examining Pin: Visual Studio Code.lnk
2020-03-25 00:59:27> ApplyReleasesImpl: Fixing up tray icons
2020-03-25 00:59:27> ApplyReleasesImpl: cleanDeadVersions: for version 7.21.1
2020-03-25 00:59:27> ApplyReleasesImpl: cleanDeadVersions: exclude folder app-7.21.0
2020-03-25 00:59:27> ApplyReleasesImpl: cleanDeadVersions: exclude folder app-7.21.1
2020-03-25 00:59:29> InstallHelperImpl: Couldn't write uninstall icon, don't care: System.Net.WebException: 'C:\Users\Administrator\buildkite-agent\builds\pm-build\postman\app-package-and-deploy\resources\postman-prod.ico' yolunun bir parçası bulunamadı. ---> System.Net.WebException: 'C:\Users\Administrator\buildkite-agent\builds\pm-build\postman\app-package-and-deploy\resources\postman-prod.ico' yolunun bir parçası bulunamadı. ---> System.IO.DirectoryNotFoundException: 'C:\Users\Administrator\buildkite-agent\builds\pm-build\postman\app-package-and-deploy\resources\postman-prod.ico' yolunun bir parçası bulunamadı.
   konum: System.IO.__Error.WinIOError(Int32 errorCode, String maybeFullPath)
   konum: System.IO.FileStream.Init(String path, FileMode mode, FileAccess access, Int32 rights, Boolean useRights, FileShare share, Int32 bufferSize, FileOptions options, SECURITY_ATTRIBUTES secAttrs, String msgPath, Boolean bFromProxy, Boolean useLongPath, Boolean checkHost)
   konum: System.IO.FileStream..ctor(String path, FileMode mode, FileAccess access, FileShare share, Int32 bufferSize, FileOptions options, String msgPath, Boolean bFromProxy)
   konum: System.Net.FileWebStream..ctor(FileWebRequest request, String path, FileMode mode, FileAccess access, FileShare sharing, Int32 length, Boolean async)
   konum: System.Net.FileWebResponse..ctor(FileWebRequest request, Uri uri, FileAccess access, Boolean asyncHint)
   --- İç özel durum yığını izlemesinin sonu ---
   konum: System.Net.FileWebResponse..ctor(FileWebRequest request, Uri uri, FileAccess access, Boolean asyncHint)
   konum: System.Net.FileWebRequest.GetResponseCallback(Object state)
   --- İç özel durum yığını izlemesinin sonu ---
   konum: System.Net.FileWebRequest.EndGetResponse(IAsyncResult asyncResult)
   konum: System.Net.WebClient.GetWebResponse(WebRequest request, IAsyncResult result)
   konum: System.Net.WebClient.DownloadBitsResponseCallback(IAsyncResult result)
--- Özel durumun oluşturulduğu önceki konumdan başlayan yığın izlemesinin sonu ---
   konum: System.Runtime.CompilerServices.TaskAwaiter.ThrowForNonSuccess(Task task)
   konum: System.Runtime.CompilerServices.TaskAwaiter.HandleNonSuccessAndDebuggerNotification(Task task)
   konum: System.Runtime.CompilerServices.TaskAwaiter.ValidateEnd(Task task)
   konum: Squirrel.UpdateManager.InstallHelperImpl.<CreateUninstallerRegistryEntry>d__5.MoveNext()
2020-03-25 15:43:34> Program: Starting Squirrel Updater: --createShortcut=Postman.exe --shortcut-locations=StartMenu,Desktop
2020-03-25 15:43:34> ApplyReleasesImpl: About to create shortcuts for Postman.exe, rootAppDir C:\Users\Recep\AppData\Local\Postman
2020-03-25 15:43:34> ApplyReleasesImpl: Creating shortcut for Postman.exe => C:\Users\Recep\AppData\Roaming\Microsoft\Windows\Start Menu\Programs\Postman\Postman.lnk
2020-03-25 15:43:34> ApplyReleasesImpl: About to save shortcut: C:\Users\Recep\AppData\Roaming\Microsoft\Windows\Start Menu\Programs\Postman\Postman.lnk (target C:\Users\Recep\AppData\Local\Postman\Postman.exe, workingDir C:\Users\Recep\AppData\Local\Postman\app-7.21.1, args , toastActivatorCSLID d56d0ae8-2c2a-5b45-bd3b-9973bc69da9e)
2020-03-25 15:43:34> ApplyReleasesImpl: Creating shortcut for Postman.exe => C:\Users\Recep\Desktop\Postman.lnk
2020-03-25 15:43:34> ApplyReleasesImpl: About to save shortcut: C:\Users\Recep\Desktop\Postman.lnk (target C:\Users\Recep\AppData\Local\Postman\Postman.exe, workingDir C:\Users\Recep\AppData\Local\Postman\app-7.21.1, args , toastActivatorCSLID d56d0ae8-2c2a-5b45-bd3b-9973bc69da9e)
2020-03-25 15:43:34> ApplyReleasesImpl: Examining Pin: File Explorer.lnk
2020-03-25 15:43:34> ApplyReleasesImpl: Examining Pin: Opera tarayıcı.lnk
2020-03-25 15:43:34> ApplyReleasesImpl: Examining Pin: PhpStorm 2019.3.3.lnk
2020-03-25 15:43:34> ApplyReleasesImpl: Examining Pin: Visual Studio Code.lnk
